<?xml version="1.0" encoding="utf-8"?><testsuites name="pytest tests"><testsuite name="pytest" errors="1" failures="0" skipped="0" tests="1" time="0.535" timestamp="2025-09-17T14:17:03.806557+08:00" hostname="Perfect21-VPS"><testcase classname="" name="unit.test_quality_gate" time="0.000"><error message="collection failure">ImportError while importing test module '/home/xx/dev/Perfect21/tests/unit/test_quality_gate.py'.
Hint: make sure your test modules/packages have valid Python names.
Traceback:
/usr/lib/python3.10/importlib/__init__.py:126: in import_module
    return _bootstrap._gcd_import(name[level:], package, level)
tests/unit/test_quality_gate.py:19: in &lt;module&gt;
    from features.preventive_quality.quality_gate import (
features/preventive_quality/__init__.py:10: in &lt;module&gt;
    from .pre_execution_checker import PreExecutionChecker
E   ModuleNotFoundError: No module named 'features.preventive_quality.pre_execution_checker'</error></testcase></testsuite></testsuites>