<?xml version="1.0" encoding="utf-8"?><testsuites name="pytest tests"><testsuite name="pytest" errors="3" failures="0" skipped="0" tests="3" time="0.730" timestamp="2025-09-17T09:19:22.611406+08:00" hostname="Perfect21-VPS"><testcase classname="" name="e2e.test_development_workflow" time="0.000"><error message="collection failure">ImportError while importing test module '/home/xx/dev/Perfect21/tests/e2e/test_development_workflow.py'.
Hint: make sure your test modules/packages have valid Python names.
Traceback:
/usr/lib/python3.10/importlib/__init__.py:126: in import_module
    return _bootstrap._gcd_import(name[level:], package, level)
tests/e2e/test_development_workflow.py:19: in &lt;module&gt;
    from main.perfect21 import Perfect21Core
E   ImportError: cannot import name 'Perfect21Core' from 'main.perfect21' (/home/xx/dev/Perfect21/main/perfect21.py)</error></testcase><testcase classname="" name="test_workflow_orchestrator" time="0.000"><error message="collection failure">ImportError while importing test module '/home/xx/dev/Perfect21/tests/test_workflow_orchestrator.py'.
Hint: make sure your test modules/packages have valid Python names.
Traceback:
/usr/lib/python3.10/importlib/__init__.py:126: in import_module
    return _bootstrap._gcd_import(name[level:], package, level)
tests/test_workflow_orchestrator.py:17: in &lt;module&gt;
    from features.workflow_orchestrator.orchestrator import (
E   ImportError: cannot import name 'ExecutionMode' from 'features.workflow_orchestrator.orchestrator' (/home/xx/dev/Perfect21/features/git_workflow/../../features/workflow_orchestrator/orchestrator.py)</error></testcase><testcase classname="" name="unit.test_cli" time="0.000"><error message="collection failure">ImportError while importing test module '/home/xx/dev/Perfect21/tests/unit/test_cli.py'.
Hint: make sure your test modules/packages have valid Python names.
Traceback:
/usr/lib/python3.10/importlib/__init__.py:126: in import_module
    return _bootstrap._gcd_import(name[level:], package, level)
tests/unit/test_cli.py:19: in &lt;module&gt;
    from main.perfect21 import Perfect21Core
E   ImportError: cannot import name 'Perfect21Core' from 'main.perfect21' (/home/xx/dev/Perfect21/main/perfect21.py)</error></testcase></testsuite></testsuites>